[2023-05-07T14:00:04.932-0300] {taskinstance.py:1090} INFO - Dependencies all met for dep_context=non-requeueable deps ti=<TaskInstance: hello_world_dag.traning_model_A scheduled__2023-05-07T16:00:00+00:00 [queued]>
[2023-05-07T14:00:04.940-0300] {taskinstance.py:1090} INFO - Dependencies all met for dep_context=requeueable deps ti=<TaskInstance: hello_world_dag.traning_model_A scheduled__2023-05-07T16:00:00+00:00 [queued]>
[2023-05-07T14:00:04.941-0300] {taskinstance.py:1288} INFO - 
--------------------------------------------------------------------------------
[2023-05-07T14:00:04.941-0300] {taskinstance.py:1289} INFO - Starting attempt 1 of 1
[2023-05-07T14:00:04.941-0300] {taskinstance.py:1290} INFO - 
--------------------------------------------------------------------------------
[2023-05-07T14:00:04.956-0300] {taskinstance.py:1309} INFO - Executing <Task(PythonOperator): traning_model_A> on 2023-05-07 16:00:00+00:00
[2023-05-07T14:00:04.973-0300] {standard_task_runner.py:55} INFO - Started process 379 to run task
[2023-05-07T14:00:04.984-0300] {standard_task_runner.py:82} INFO - Running: ['airflow', 'tasks', 'run', 'hello_world_dag', 'traning_model_A', 'scheduled__2023-05-07T16:00:00+00:00', '--job-id', '37', '--raw', '--subdir', 'DAGS_FOLDER/dag_falopa.py', '--cfg-path', '/tmp/tmppkjabh5j']
[2023-05-07T14:00:04.988-0300] {standard_task_runner.py:83} INFO - Job 37: Subtask traning_model_A
[2023-05-07T14:00:05.064-0300] {task_command.py:389} INFO - Running <TaskInstance: hello_world_dag.traning_model_A scheduled__2023-05-07T16:00:00+00:00 [running]> on host DESKTOP-02TA80M.localdomain
[2023-05-07T14:00:05.123-0300] {taskinstance.py:1516} INFO - Exporting the following env vars:
AIRFLOW_CTX_DAG_OWNER=airflow
AIRFLOW_CTX_DAG_ID=hello_world_dag
AIRFLOW_CTX_TASK_ID=traning_model_A
AIRFLOW_CTX_EXECUTION_DATE=2023-05-07T16:00:00+00:00
AIRFLOW_CTX_TRY_NUMBER=1
AIRFLOW_CTX_DAG_RUN_ID=scheduled__2023-05-07T16:00:00+00:00
[2023-05-07T14:00:05.124-0300] {python.py:177} INFO - Done. Returned value was: 6
[2023-05-07T14:00:05.139-0300] {taskinstance.py:1327} INFO - Marking task as SUCCESS. dag_id=hello_world_dag, task_id=traning_model_A, execution_date=20230507T160000, start_date=20230507T170004, end_date=20230507T170005
[2023-05-07T14:00:05.192-0300] {local_task_job.py:212} INFO - Task exited with return code 0
[2023-05-07T14:00:05.216-0300] {taskinstance.py:2596} INFO - 0 downstream tasks scheduled from follow-on schedule check
