[2023-05-07T20:49:20.933-0300] {taskinstance.py:1090} INFO - Dependencies all met for dep_context=non-requeueable deps ti=<TaskInstance: bigdata_tp_2.FiltrarDatos scheduled__2023-05-06T00:00:00+00:00 [queued]>
[2023-05-07T20:49:20.944-0300] {taskinstance.py:1090} INFO - Dependencies all met for dep_context=requeueable deps ti=<TaskInstance: bigdata_tp_2.FiltrarDatos scheduled__2023-05-06T00:00:00+00:00 [queued]>
[2023-05-07T20:49:20.945-0300] {taskinstance.py:1288} INFO - 
--------------------------------------------------------------------------------
[2023-05-07T20:49:20.945-0300] {taskinstance.py:1289} INFO - Starting attempt 1 of 1
[2023-05-07T20:49:20.945-0300] {taskinstance.py:1290} INFO - 
--------------------------------------------------------------------------------
[2023-05-07T20:49:20.963-0300] {taskinstance.py:1309} INFO - Executing <Task(_PythonDecoratedOperator): FiltrarDatos> on 2023-05-06 00:00:00+00:00
[2023-05-07T20:49:20.988-0300] {standard_task_runner.py:55} INFO - Started process 247 to run task
[2023-05-07T20:49:21.000-0300] {standard_task_runner.py:82} INFO - Running: ['airflow', 'tasks', 'run', 'bigdata_tp_2', 'FiltrarDatos', 'scheduled__2023-05-06T00:00:00+00:00', '--job-id', '97', '--raw', '--subdir', 'DAGS_FOLDER/dag copy.py', '--cfg-path', '/tmp/tmpu91fuirj']
[2023-05-07T20:49:21.005-0300] {standard_task_runner.py:83} INFO - Job 97: Subtask FiltrarDatos
[2023-05-07T20:49:21.088-0300] {task_command.py:389} INFO - Running <TaskInstance: bigdata_tp_2.FiltrarDatos scheduled__2023-05-06T00:00:00+00:00 [running]> on host DESKTOP-02TA80M.localdomain
[2023-05-07T20:49:21.160-0300] {taskinstance.py:1516} INFO - Exporting the following env vars:
AIRFLOW_CTX_DAG_OWNER=airflow
AIRFLOW_CTX_DAG_ID=bigdata_tp_2
AIRFLOW_CTX_TASK_ID=FiltrarDatos
AIRFLOW_CTX_EXECUTION_DATE=2023-05-06T00:00:00+00:00
AIRFLOW_CTX_TRY_NUMBER=1
AIRFLOW_CTX_DAG_RUN_ID=scheduled__2023-05-06T00:00:00+00:00
[2023-05-07T20:49:21.162-0300] {dag copy.py:30} INFO - Levantando ids activos...
[2023-05-07T20:49:21.397-0300] {dag copy.py:43} INFO - Devolviendo DFs....
[2023-05-07T20:49:21.679-0300] {python.py:177} INFO - Done. Returned value was: None
[2023-05-07T20:49:21.686-0300] {taskinstance.py:1327} INFO - Marking task as SUCCESS. dag_id=bigdata_tp_2, task_id=FiltrarDatos, execution_date=20230506T000000, start_date=20230507T234920, end_date=20230507T234921
[2023-05-07T20:49:21.703-0300] {local_task_job.py:212} INFO - Task exited with return code 0
[2023-05-07T20:49:21.733-0300] {taskinstance.py:2596} INFO - 2 downstream tasks scheduled from follow-on schedule check
