[2023-04-27T22:00:06.445-0300] {taskinstance.py:1090} INFO - Dependencies all met for dep_context=non-requeueable deps ti=<TaskInstance: hello_world_dag.hello_world scheduled__2023-04-28T00:00:00+00:00 [queued]>
[2023-04-27T22:00:06.463-0300] {taskinstance.py:1090} INFO - Dependencies all met for dep_context=requeueable deps ti=<TaskInstance: hello_world_dag.hello_world scheduled__2023-04-28T00:00:00+00:00 [queued]>
[2023-04-27T22:00:06.463-0300] {taskinstance.py:1288} INFO - 
--------------------------------------------------------------------------------
[2023-04-27T22:00:06.463-0300] {taskinstance.py:1289} INFO - Starting attempt 1 of 1
[2023-04-27T22:00:06.469-0300] {taskinstance.py:1290} INFO - 
--------------------------------------------------------------------------------
[2023-04-27T22:00:06.536-0300] {taskinstance.py:1309} INFO - Executing <Task(PythonOperator): hello_world> on 2023-04-28 00:00:00+00:00
[2023-04-27T22:00:06.556-0300] {standard_task_runner.py:55} INFO - Started process 81 to run task
[2023-04-27T22:00:06.573-0300] {standard_task_runner.py:82} INFO - Running: ['airflow', 'tasks', 'run', 'hello_world_dag', 'hello_world', 'scheduled__2023-04-28T00:00:00+00:00', '--job-id', '6', '--raw', '--subdir', 'DAGS_FOLDER/dag_falopa.py', '--cfg-path', '/tmp/tmps010b9vj']
[2023-04-27T22:00:06.579-0300] {standard_task_runner.py:83} INFO - Job 6: Subtask hello_world
[2023-04-27T22:00:06.685-0300] {task_command.py:389} INFO - Running <TaskInstance: hello_world_dag.hello_world scheduled__2023-04-28T00:00:00+00:00 [running]> on host DESKTOP-02TA80M.localdomain
[2023-04-27T22:00:06.776-0300] {taskinstance.py:1516} INFO - Exporting the following env vars:
AIRFLOW_CTX_DAG_OWNER=airflow
AIRFLOW_CTX_DAG_ID=hello_world_dag
AIRFLOW_CTX_TASK_ID=hello_world
AIRFLOW_CTX_EXECUTION_DATE=2023-04-28T00:00:00+00:00
AIRFLOW_CTX_TRY_NUMBER=1
AIRFLOW_CTX_DAG_RUN_ID=scheduled__2023-04-28T00:00:00+00:00
[2023-04-27T22:00:06.778-0300] {logging_mixin.py:137} INFO - Hello World
[2023-04-27T22:00:06.778-0300] {python.py:177} INFO - Done. Returned value was: None
[2023-04-27T22:00:06.785-0300] {taskinstance.py:1327} INFO - Marking task as SUCCESS. dag_id=hello_world_dag, task_id=hello_world, execution_date=20230428T000000, start_date=20230428T010006, end_date=20230428T010006
[2023-04-27T22:00:06.819-0300] {local_task_job.py:212} INFO - Task exited with return code 0
[2023-04-27T22:00:06.846-0300] {taskinstance.py:2596} INFO - 0 downstream tasks scheduled from follow-on schedule check
