[2023-05-07T16:25:00.188-0300] {taskinstance.py:1080} INFO - Dependencies not met for <TaskInstance: bigdata_tp.FiltrarDatos manual__2023-05-07T19:24:55.826926+00:00 [scheduled]>, dependency 'Task Instance State' FAILED: Task is in the 'scheduled' state.
[2023-05-07T16:25:00.195-0300] {local_task_job.py:151} INFO - Task is not able to be run
[2023-05-07T16:25:05.174-0300] {taskinstance.py:1090} INFO - Dependencies all met for dep_context=non-requeueable deps ti=<TaskInstance: bigdata_tp.FiltrarDatos manual__2023-05-07T19:24:55.826926+00:00 [queued]>
[2023-05-07T16:25:05.184-0300] {taskinstance.py:1090} INFO - Dependencies all met for dep_context=requeueable deps ti=<TaskInstance: bigdata_tp.FiltrarDatos manual__2023-05-07T19:24:55.826926+00:00 [queued]>
[2023-05-07T16:25:05.185-0300] {taskinstance.py:1288} INFO - 
--------------------------------------------------------------------------------
[2023-05-07T16:25:05.185-0300] {taskinstance.py:1289} INFO - Starting attempt 1 of 1
[2023-05-07T16:25:05.186-0300] {taskinstance.py:1290} INFO - 
--------------------------------------------------------------------------------
[2023-05-07T16:25:05.203-0300] {taskinstance.py:1309} INFO - Executing <Task(PythonOperator): FiltrarDatos> on 2023-05-07 19:24:55.826926+00:00
[2023-05-07T16:25:05.228-0300] {standard_task_runner.py:55} INFO - Started process 3050 to run task
[2023-05-07T16:25:05.239-0300] {standard_task_runner.py:82} INFO - Running: ['airflow', 'tasks', 'run', 'bigdata_tp', 'FiltrarDatos', 'manual__2023-05-07T19:24:55.826926+00:00', '--job-id', '86', '--raw', '--subdir', 'DAGS_FOLDER/dag.py', '--cfg-path', '/tmp/tmp26ipecli']
[2023-05-07T16:25:05.244-0300] {standard_task_runner.py:83} INFO - Job 86: Subtask FiltrarDatos
[2023-05-07T16:25:05.324-0300] {task_command.py:389} INFO - Running <TaskInstance: bigdata_tp.FiltrarDatos manual__2023-05-07T19:24:55.826926+00:00 [running]> on host DESKTOP-02TA80M.localdomain
[2023-05-07T16:25:05.395-0300] {taskinstance.py:1516} INFO - Exporting the following env vars:
AIRFLOW_CTX_DAG_OWNER=airflow
AIRFLOW_CTX_DAG_ID=bigdata_tp
AIRFLOW_CTX_TASK_ID=FiltrarDatos
AIRFLOW_CTX_EXECUTION_DATE=2023-05-07T19:24:55.826926+00:00
AIRFLOW_CTX_TRY_NUMBER=1
AIRFLOW_CTX_DAG_RUN_ID=manual__2023-05-07T19:24:55.826926+00:00
[2023-05-07T16:25:05.396-0300] {dag.py:21} INFO - Levantando ids activos...
[2023-05-07T16:25:05.591-0300] {dag.py:34} INFO - Devolviendo DFs....
[2023-05-07T16:25:05.836-0300] {python.py:177} INFO - Done. Returned value was: None
[2023-05-07T16:25:05.841-0300] {taskinstance.py:1327} INFO - Marking task as SUCCESS. dag_id=bigdata_tp, task_id=FiltrarDatos, execution_date=20230507T192455, start_date=20230507T192505, end_date=20230507T192505
[2023-05-07T16:25:05.895-0300] {local_task_job.py:212} INFO - Task exited with return code 0
[2023-05-07T16:25:05.923-0300] {taskinstance.py:2596} INFO - 1 downstream tasks scheduled from follow-on schedule check
