[2023-04-27T21:55:22.385-0300] {taskinstance.py:1090} INFO - Dependencies all met for dep_context=non-requeueable deps ti=<TaskInstance: hello_world_dag.hello_world manual__2023-04-28T00:55:03.323541+00:00 [queued]>
[2023-04-27T21:55:22.400-0300] {taskinstance.py:1090} INFO - Dependencies all met for dep_context=requeueable deps ti=<TaskInstance: hello_world_dag.hello_world manual__2023-04-28T00:55:03.323541+00:00 [queued]>
[2023-04-27T21:55:22.400-0300] {taskinstance.py:1288} INFO - 
--------------------------------------------------------------------------------
[2023-04-27T21:55:22.400-0300] {taskinstance.py:1289} INFO - Starting attempt 1 of 1
[2023-04-27T21:55:22.401-0300] {taskinstance.py:1290} INFO - 
--------------------------------------------------------------------------------
[2023-04-27T21:55:22.431-0300] {taskinstance.py:1309} INFO - Executing <Task(PythonOperator): hello_world> on 2023-04-28 00:55:03.323541+00:00
[2023-04-27T21:55:22.451-0300] {standard_task_runner.py:55} INFO - Started process 69 to run task
[2023-04-27T21:55:22.468-0300] {standard_task_runner.py:82} INFO - Running: ['airflow', 'tasks', 'run', 'hello_world_dag', 'hello_world', 'manual__2023-04-28T00:55:03.323541+00:00', '--job-id', '5', '--raw', '--subdir', 'DAGS_FOLDER/dag_falopa.py', '--cfg-path', '/tmp/tmpz884wqdw']
[2023-04-27T21:55:22.476-0300] {standard_task_runner.py:83} INFO - Job 5: Subtask hello_world
[2023-04-27T21:55:22.832-0300] {task_command.py:389} INFO - Running <TaskInstance: hello_world_dag.hello_world manual__2023-04-28T00:55:03.323541+00:00 [running]> on host DESKTOP-02TA80M.localdomain
[2023-04-27T21:55:22.942-0300] {taskinstance.py:1516} INFO - Exporting the following env vars:
AIRFLOW_CTX_DAG_OWNER=airflow
AIRFLOW_CTX_DAG_ID=hello_world_dag
AIRFLOW_CTX_TASK_ID=hello_world
AIRFLOW_CTX_EXECUTION_DATE=2023-04-28T00:55:03.323541+00:00
AIRFLOW_CTX_TRY_NUMBER=1
AIRFLOW_CTX_DAG_RUN_ID=manual__2023-04-28T00:55:03.323541+00:00
[2023-04-27T21:55:22.943-0300] {logging_mixin.py:137} INFO - Hello World
[2023-04-27T21:55:22.944-0300] {python.py:177} INFO - Done. Returned value was: None
[2023-04-27T21:55:22.952-0300] {taskinstance.py:1327} INFO - Marking task as SUCCESS. dag_id=hello_world_dag, task_id=hello_world, execution_date=20230428T005503, start_date=20230428T005522, end_date=20230428T005522
[2023-04-27T21:55:23.005-0300] {local_task_job.py:212} INFO - Task exited with return code 0
[2023-04-27T21:55:23.038-0300] {taskinstance.py:2596} INFO - 0 downstream tasks scheduled from follow-on schedule check
