[2023-05-07T20:49:45.801-0300] {taskinstance.py:1090} INFO - Dependencies all met for dep_context=non-requeueable deps ti=<TaskInstance: bigdata_tp_2.TopProduct manual__2023-05-07T23:49:14.346680+00:00 [queued]>
[2023-05-07T20:49:45.812-0300] {taskinstance.py:1090} INFO - Dependencies all met for dep_context=requeueable deps ti=<TaskInstance: bigdata_tp_2.TopProduct manual__2023-05-07T23:49:14.346680+00:00 [queued]>
[2023-05-07T20:49:45.813-0300] {taskinstance.py:1288} INFO - 
--------------------------------------------------------------------------------
[2023-05-07T20:49:45.813-0300] {taskinstance.py:1289} INFO - Starting attempt 1 of 1
[2023-05-07T20:49:45.813-0300] {taskinstance.py:1290} INFO - 
--------------------------------------------------------------------------------
[2023-05-07T20:49:45.829-0300] {taskinstance.py:1309} INFO - Executing <Task(_PythonDecoratedOperator): TopProduct> on 2023-05-07 23:49:14.346680+00:00
[2023-05-07T20:49:45.853-0300] {standard_task_runner.py:55} INFO - Started process 294 to run task
[2023-05-07T20:49:45.865-0300] {standard_task_runner.py:82} INFO - Running: ['airflow', 'tasks', 'run', 'bigdata_tp_2', 'TopProduct', 'manual__2023-05-07T23:49:14.346680+00:00', '--job-id', '102', '--raw', '--subdir', 'DAGS_FOLDER/dag copy.py', '--cfg-path', '/tmp/tmpxtyxaf0b']
[2023-05-07T20:49:45.869-0300] {standard_task_runner.py:83} INFO - Job 102: Subtask TopProduct
[2023-05-07T20:49:45.946-0300] {task_command.py:389} INFO - Running <TaskInstance: bigdata_tp_2.TopProduct manual__2023-05-07T23:49:14.346680+00:00 [running]> on host DESKTOP-02TA80M.localdomain
[2023-05-07T20:49:46.011-0300] {taskinstance.py:1516} INFO - Exporting the following env vars:
AIRFLOW_CTX_DAG_OWNER=airflow
AIRFLOW_CTX_DAG_ID=bigdata_tp_2
AIRFLOW_CTX_TASK_ID=TopProduct
AIRFLOW_CTX_EXECUTION_DATE=2023-05-07T23:49:14.346680+00:00
AIRFLOW_CTX_TRY_NUMBER=1
AIRFLOW_CTX_DAG_RUN_ID=manual__2023-05-07T23:49:14.346680+00:00
[2023-05-07T20:49:46.122-0300] {python.py:177} INFO - Done. Returned value was: None
[2023-05-07T20:49:46.128-0300] {taskinstance.py:1327} INFO - Marking task as SUCCESS. dag_id=bigdata_tp_2, task_id=TopProduct, execution_date=20230507T234914, start_date=20230507T234945, end_date=20230507T234946
[2023-05-07T20:49:46.157-0300] {local_task_job.py:212} INFO - Task exited with return code 0
[2023-05-07T20:49:46.180-0300] {taskinstance.py:2596} INFO - 0 downstream tasks scheduled from follow-on schedule check
