[2023-05-07T14:08:51.905-0300] {taskinstance.py:1090} INFO - Dependencies all met for dep_context=non-requeueable deps ti=<TaskInstance: hello_world_dag.accurate manual__2023-05-07T17:07:36.961796+00:00 [queued]>
[2023-05-07T14:08:51.919-0300] {taskinstance.py:1090} INFO - Dependencies all met for dep_context=requeueable deps ti=<TaskInstance: hello_world_dag.accurate manual__2023-05-07T17:07:36.961796+00:00 [queued]>
[2023-05-07T14:08:51.919-0300] {taskinstance.py:1288} INFO - 
--------------------------------------------------------------------------------
[2023-05-07T14:08:51.919-0300] {taskinstance.py:1289} INFO - Starting attempt 1 of 1
[2023-05-07T14:08:51.922-0300] {taskinstance.py:1290} INFO - 
--------------------------------------------------------------------------------
[2023-05-07T14:08:51.940-0300] {taskinstance.py:1309} INFO - Executing <Task(BashOperator): accurate> on 2023-05-07 17:07:36.961796+00:00
[2023-05-07T14:08:51.962-0300] {standard_task_runner.py:55} INFO - Started process 491 to run task
[2023-05-07T14:08:51.973-0300] {standard_task_runner.py:82} INFO - Running: ['airflow', 'tasks', 'run', 'hello_world_dag', 'accurate', 'manual__2023-05-07T17:07:36.961796+00:00', '--job-id', '48', '--raw', '--subdir', 'DAGS_FOLDER/dag_falopa.py', '--cfg-path', '/tmp/tmphbzic06v']
[2023-05-07T14:08:51.979-0300] {standard_task_runner.py:83} INFO - Job 48: Subtask accurate
[2023-05-07T14:08:52.070-0300] {task_command.py:389} INFO - Running <TaskInstance: hello_world_dag.accurate manual__2023-05-07T17:07:36.961796+00:00 [running]> on host DESKTOP-02TA80M.localdomain
[2023-05-07T14:08:52.150-0300] {taskinstance.py:1516} INFO - Exporting the following env vars:
AIRFLOW_CTX_DAG_OWNER=airflow
AIRFLOW_CTX_DAG_ID=hello_world_dag
AIRFLOW_CTX_TASK_ID=accurate
AIRFLOW_CTX_EXECUTION_DATE=2023-05-07T17:07:36.961796+00:00
AIRFLOW_CTX_TRY_NUMBER=1
AIRFLOW_CTX_DAG_RUN_ID=manual__2023-05-07T17:07:36.961796+00:00
[2023-05-07T14:08:52.152-0300] {subprocess.py:63} INFO - Tmp dir root location: 
 /tmp
[2023-05-07T14:08:52.154-0300] {subprocess.py:75} INFO - Running command: ['/usr/bin/bash', '-c', "echo 'accurate'"]
[2023-05-07T14:08:52.180-0300] {subprocess.py:86} INFO - Output:
[2023-05-07T14:08:52.194-0300] {subprocess.py:93} INFO - accurate
[2023-05-07T14:08:52.194-0300] {subprocess.py:97} INFO - Command exited with return code 0
[2023-05-07T14:08:52.233-0300] {taskinstance.py:1327} INFO - Marking task as SUCCESS. dag_id=hello_world_dag, task_id=accurate, execution_date=20230507T170736, start_date=20230507T170851, end_date=20230507T170852
[2023-05-07T14:08:52.265-0300] {local_task_job.py:212} INFO - Task exited with return code 0
[2023-05-07T14:08:52.290-0300] {taskinstance.py:2596} INFO - 0 downstream tasks scheduled from follow-on schedule check
