[2023-05-07T15:54:59.539-0300] {taskinstance.py:1090} INFO - Dependencies all met for dep_context=non-requeueable deps ti=<TaskInstance: bigdata_tp.FiltrarDatos manual__2023-05-07T18:54:54.815310+00:00 [queued]>
[2023-05-07T15:54:59.549-0300] {taskinstance.py:1090} INFO - Dependencies all met for dep_context=requeueable deps ti=<TaskInstance: bigdata_tp.FiltrarDatos manual__2023-05-07T18:54:54.815310+00:00 [queued]>
[2023-05-07T15:54:59.549-0300] {taskinstance.py:1288} INFO - 
--------------------------------------------------------------------------------
[2023-05-07T15:54:59.549-0300] {taskinstance.py:1289} INFO - Starting attempt 1 of 1
[2023-05-07T15:54:59.550-0300] {taskinstance.py:1290} INFO - 
--------------------------------------------------------------------------------
[2023-05-07T15:54:59.569-0300] {taskinstance.py:1309} INFO - Executing <Task(PythonOperator): FiltrarDatos> on 2023-05-07 18:54:54.815310+00:00
[2023-05-07T15:54:59.594-0300] {standard_task_runner.py:55} INFO - Started process 2071 to run task
[2023-05-07T15:54:59.606-0300] {standard_task_runner.py:82} INFO - Running: ['airflow', 'tasks', 'run', 'bigdata_tp', 'FiltrarDatos', 'manual__2023-05-07T18:54:54.815310+00:00', '--job-id', '63', '--raw', '--subdir', 'DAGS_FOLDER/dag.py', '--cfg-path', '/tmp/tmp86etwv5e']
[2023-05-07T15:54:59.611-0300] {standard_task_runner.py:83} INFO - Job 63: Subtask FiltrarDatos
[2023-05-07T15:54:59.696-0300] {task_command.py:389} INFO - Running <TaskInstance: bigdata_tp.FiltrarDatos manual__2023-05-07T18:54:54.815310+00:00 [running]> on host DESKTOP-02TA80M.localdomain
[2023-05-07T15:54:59.767-0300] {taskinstance.py:1516} INFO - Exporting the following env vars:
AIRFLOW_CTX_DAG_OWNER=airflow
AIRFLOW_CTX_DAG_ID=bigdata_tp
AIRFLOW_CTX_TASK_ID=FiltrarDatos
AIRFLOW_CTX_EXECUTION_DATE=2023-05-07T18:54:54.815310+00:00
AIRFLOW_CTX_TRY_NUMBER=1
AIRFLOW_CTX_DAG_RUN_ID=manual__2023-05-07T18:54:54.815310+00:00
[2023-05-07T15:54:59.768-0300] {dag.py:21} INFO - Levantando ids activos...
[2023-05-07T15:54:59.973-0300] {dag.py:34} INFO - Devolviendo DFs....
[2023-05-07T15:55:00.218-0300] {python.py:177} INFO - Done. Returned value was: None
[2023-05-07T15:55:00.225-0300] {taskinstance.py:1327} INFO - Marking task as SUCCESS. dag_id=bigdata_tp, task_id=FiltrarDatos, execution_date=20230507T185454, start_date=20230507T185459, end_date=20230507T185500
[2023-05-07T15:55:00.260-0300] {local_task_job.py:212} INFO - Task exited with return code 0
[2023-05-07T15:55:00.290-0300] {taskinstance.py:2596} INFO - 1 downstream tasks scheduled from follow-on schedule check
