[2023-05-07T15:56:25.582-0300] {taskinstance.py:1090} INFO - Dependencies all met for dep_context=non-requeueable deps ti=<TaskInstance: bigdata_tp.FiltrarDatos manual__2023-05-07T18:56:19.709637+00:00 [queued]>
[2023-05-07T15:56:25.593-0300] {taskinstance.py:1090} INFO - Dependencies all met for dep_context=requeueable deps ti=<TaskInstance: bigdata_tp.FiltrarDatos manual__2023-05-07T18:56:19.709637+00:00 [queued]>
[2023-05-07T15:56:25.593-0300] {taskinstance.py:1288} INFO - 
--------------------------------------------------------------------------------
[2023-05-07T15:56:25.593-0300] {taskinstance.py:1289} INFO - Starting attempt 1 of 1
[2023-05-07T15:56:25.594-0300] {taskinstance.py:1290} INFO - 
--------------------------------------------------------------------------------
[2023-05-07T15:56:25.614-0300] {taskinstance.py:1309} INFO - Executing <Task(PythonOperator): FiltrarDatos> on 2023-05-07 18:56:19.709637+00:00
[2023-05-07T15:56:25.709-0300] {standard_task_runner.py:55} INFO - Started process 2185 to run task
[2023-05-07T15:56:25.721-0300] {standard_task_runner.py:82} INFO - Running: ['airflow', 'tasks', 'run', 'bigdata_tp', 'FiltrarDatos', 'manual__2023-05-07T18:56:19.709637+00:00', '--job-id', '65', '--raw', '--subdir', 'DAGS_FOLDER/dag.py', '--cfg-path', '/tmp/tmpxhy_r6dj']
[2023-05-07T15:56:25.726-0300] {standard_task_runner.py:83} INFO - Job 65: Subtask FiltrarDatos
[2023-05-07T15:56:25.811-0300] {task_command.py:389} INFO - Running <TaskInstance: bigdata_tp.FiltrarDatos manual__2023-05-07T18:56:19.709637+00:00 [running]> on host DESKTOP-02TA80M.localdomain
[2023-05-07T15:56:25.887-0300] {taskinstance.py:1516} INFO - Exporting the following env vars:
AIRFLOW_CTX_DAG_OWNER=airflow
AIRFLOW_CTX_DAG_ID=bigdata_tp
AIRFLOW_CTX_TASK_ID=FiltrarDatos
AIRFLOW_CTX_EXECUTION_DATE=2023-05-07T18:56:19.709637+00:00
AIRFLOW_CTX_TRY_NUMBER=1
AIRFLOW_CTX_DAG_RUN_ID=manual__2023-05-07T18:56:19.709637+00:00
[2023-05-07T15:56:25.889-0300] {dag.py:21} INFO - Levantando ids activos...
[2023-05-07T15:56:26.129-0300] {dag.py:34} INFO - Devolviendo DFs....
[2023-05-07T15:56:26.387-0300] {python.py:177} INFO - Done. Returned value was: None
[2023-05-07T15:56:26.392-0300] {taskinstance.py:1327} INFO - Marking task as SUCCESS. dag_id=bigdata_tp, task_id=FiltrarDatos, execution_date=20230507T185619, start_date=20230507T185625, end_date=20230507T185626
[2023-05-07T15:56:26.418-0300] {local_task_job.py:212} INFO - Task exited with return code 0
[2023-05-07T15:56:26.452-0300] {taskinstance.py:2596} INFO - 1 downstream tasks scheduled from follow-on schedule check
