[2023-05-07T16:04:07.147-0300] {taskinstance.py:1090} INFO - Dependencies all met for dep_context=non-requeueable deps ti=<TaskInstance: bigdata_tp.TopCTR manual__2023-05-07T19:03:55.524182+00:00 [queued]>
[2023-05-07T16:04:07.156-0300] {taskinstance.py:1090} INFO - Dependencies all met for dep_context=requeueable deps ti=<TaskInstance: bigdata_tp.TopCTR manual__2023-05-07T19:03:55.524182+00:00 [queued]>
[2023-05-07T16:04:07.156-0300] {taskinstance.py:1288} INFO - 
--------------------------------------------------------------------------------
[2023-05-07T16:04:07.156-0300] {taskinstance.py:1289} INFO - Starting attempt 1 of 1
[2023-05-07T16:04:07.157-0300] {taskinstance.py:1290} INFO - 
--------------------------------------------------------------------------------
[2023-05-07T16:04:07.176-0300] {taskinstance.py:1309} INFO - Executing <Task(PythonOperator): TopCTR> on 2023-05-07 19:03:55.524182+00:00
[2023-05-07T16:04:07.200-0300] {standard_task_runner.py:55} INFO - Started process 2260 to run task
[2023-05-07T16:04:07.212-0300] {standard_task_runner.py:82} INFO - Running: ['airflow', 'tasks', 'run', 'bigdata_tp', 'TopCTR', 'manual__2023-05-07T19:03:55.524182+00:00', '--job-id', '68', '--raw', '--subdir', 'DAGS_FOLDER/dag.py', '--cfg-path', '/tmp/tmpccbm517a']
[2023-05-07T16:04:07.218-0300] {standard_task_runner.py:83} INFO - Job 68: Subtask TopCTR
[2023-05-07T16:04:07.302-0300] {task_command.py:389} INFO - Running <TaskInstance: bigdata_tp.TopCTR manual__2023-05-07T19:03:55.524182+00:00 [running]> on host DESKTOP-02TA80M.localdomain
[2023-05-07T16:04:07.369-0300] {taskinstance.py:1516} INFO - Exporting the following env vars:
AIRFLOW_CTX_DAG_OWNER=airflow
AIRFLOW_CTX_DAG_ID=bigdata_tp
AIRFLOW_CTX_TASK_ID=TopCTR
AIRFLOW_CTX_EXECUTION_DATE=2023-05-07T19:03:55.524182+00:00
AIRFLOW_CTX_TRY_NUMBER=1
AIRFLOW_CTX_DAG_RUN_ID=manual__2023-05-07T19:03:55.524182+00:00
[2023-05-07T16:04:07.996-0300] {python.py:177} INFO - Done. Returned value was: None
[2023-05-07T16:04:08.002-0300] {taskinstance.py:1327} INFO - Marking task as SUCCESS. dag_id=bigdata_tp, task_id=TopCTR, execution_date=20230507T190355, start_date=20230507T190407, end_date=20230507T190408
[2023-05-07T16:04:08.030-0300] {local_task_job.py:212} INFO - Task exited with return code 0
[2023-05-07T16:04:08.049-0300] {taskinstance.py:2596} INFO - 0 downstream tasks scheduled from follow-on schedule check
