[2023-05-07T20:49:26.806-0300] {taskinstance.py:1090} INFO - Dependencies all met for dep_context=non-requeueable deps ti=<TaskInstance: bigdata_tp_2.FiltrarDatos manual__2023-05-07T23:49:14.346680+00:00 [queued]>
[2023-05-07T20:49:26.815-0300] {taskinstance.py:1090} INFO - Dependencies all met for dep_context=requeueable deps ti=<TaskInstance: bigdata_tp_2.FiltrarDatos manual__2023-05-07T23:49:14.346680+00:00 [queued]>
[2023-05-07T20:49:26.816-0300] {taskinstance.py:1288} INFO - 
--------------------------------------------------------------------------------
[2023-05-07T20:49:26.816-0300] {taskinstance.py:1289} INFO - Starting attempt 1 of 1
[2023-05-07T20:49:26.816-0300] {taskinstance.py:1290} INFO - 
--------------------------------------------------------------------------------
[2023-05-07T20:49:26.831-0300] {taskinstance.py:1309} INFO - Executing <Task(_PythonDecoratedOperator): FiltrarDatos> on 2023-05-07 23:49:14.346680+00:00
[2023-05-07T20:49:26.853-0300] {standard_task_runner.py:55} INFO - Started process 257 to run task
[2023-05-07T20:49:26.864-0300] {standard_task_runner.py:82} INFO - Running: ['airflow', 'tasks', 'run', 'bigdata_tp_2', 'FiltrarDatos', 'manual__2023-05-07T23:49:14.346680+00:00', '--job-id', '98', '--raw', '--subdir', 'DAGS_FOLDER/dag copy.py', '--cfg-path', '/tmp/tmp6b9iq08t']
[2023-05-07T20:49:26.869-0300] {standard_task_runner.py:83} INFO - Job 98: Subtask FiltrarDatos
[2023-05-07T20:49:26.954-0300] {task_command.py:389} INFO - Running <TaskInstance: bigdata_tp_2.FiltrarDatos manual__2023-05-07T23:49:14.346680+00:00 [running]> on host DESKTOP-02TA80M.localdomain
[2023-05-07T20:49:27.020-0300] {taskinstance.py:1516} INFO - Exporting the following env vars:
AIRFLOW_CTX_DAG_OWNER=airflow
AIRFLOW_CTX_DAG_ID=bigdata_tp_2
AIRFLOW_CTX_TASK_ID=FiltrarDatos
AIRFLOW_CTX_EXECUTION_DATE=2023-05-07T23:49:14.346680+00:00
AIRFLOW_CTX_TRY_NUMBER=1
AIRFLOW_CTX_DAG_RUN_ID=manual__2023-05-07T23:49:14.346680+00:00
[2023-05-07T20:49:27.022-0300] {dag copy.py:30} INFO - Levantando ids activos...
[2023-05-07T20:49:27.210-0300] {dag copy.py:43} INFO - Devolviendo DFs....
[2023-05-07T20:49:27.450-0300] {python.py:177} INFO - Done. Returned value was: None
[2023-05-07T20:49:27.456-0300] {taskinstance.py:1327} INFO - Marking task as SUCCESS. dag_id=bigdata_tp_2, task_id=FiltrarDatos, execution_date=20230507T234914, start_date=20230507T234926, end_date=20230507T234927
[2023-05-07T20:49:27.484-0300] {local_task_job.py:212} INFO - Task exited with return code 0
[2023-05-07T20:49:27.513-0300] {taskinstance.py:2596} INFO - 2 downstream tasks scheduled from follow-on schedule check
