[2023-04-27T21:55:09.911-0300] {taskinstance.py:1090} INFO - Dependencies all met for dep_context=non-requeueable deps ti=<TaskInstance: hello_world_dag.hello_world scheduled__2023-04-27T23:00:00+00:00 [queued]>
[2023-04-27T21:55:09.941-0300] {taskinstance.py:1090} INFO - Dependencies all met for dep_context=requeueable deps ti=<TaskInstance: hello_world_dag.hello_world scheduled__2023-04-27T23:00:00+00:00 [queued]>
[2023-04-27T21:55:09.942-0300] {taskinstance.py:1288} INFO - 
--------------------------------------------------------------------------------
[2023-04-27T21:55:09.942-0300] {taskinstance.py:1289} INFO - Starting attempt 1 of 1
[2023-04-27T21:55:09.945-0300] {taskinstance.py:1290} INFO - 
--------------------------------------------------------------------------------
[2023-04-27T21:55:09.973-0300] {taskinstance.py:1309} INFO - Executing <Task(PythonOperator): hello_world> on 2023-04-27 23:00:00+00:00
[2023-04-27T21:55:09.999-0300] {standard_task_runner.py:55} INFO - Started process 67 to run task
[2023-04-27T21:55:10.021-0300] {standard_task_runner.py:82} INFO - Running: ['airflow', 'tasks', 'run', 'hello_world_dag', 'hello_world', 'scheduled__2023-04-27T23:00:00+00:00', '--job-id', '4', '--raw', '--subdir', 'DAGS_FOLDER/dag_falopa.py', '--cfg-path', '/tmp/tmpwqee10sy']
[2023-04-27T21:55:10.028-0300] {standard_task_runner.py:83} INFO - Job 4: Subtask hello_world
[2023-04-27T21:55:10.146-0300] {task_command.py:389} INFO - Running <TaskInstance: hello_world_dag.hello_world scheduled__2023-04-27T23:00:00+00:00 [running]> on host DESKTOP-02TA80M.localdomain
[2023-04-27T21:55:10.263-0300] {taskinstance.py:1516} INFO - Exporting the following env vars:
AIRFLOW_CTX_DAG_OWNER=airflow
AIRFLOW_CTX_DAG_ID=hello_world_dag
AIRFLOW_CTX_TASK_ID=hello_world
AIRFLOW_CTX_EXECUTION_DATE=2023-04-27T23:00:00+00:00
AIRFLOW_CTX_TRY_NUMBER=1
AIRFLOW_CTX_DAG_RUN_ID=scheduled__2023-04-27T23:00:00+00:00
[2023-04-27T21:55:10.265-0300] {logging_mixin.py:137} INFO - Hello World
[2023-04-27T21:55:10.265-0300] {python.py:177} INFO - Done. Returned value was: None
[2023-04-27T21:55:10.273-0300] {taskinstance.py:1327} INFO - Marking task as SUCCESS. dag_id=hello_world_dag, task_id=hello_world, execution_date=20230427T230000, start_date=20230428T005509, end_date=20230428T005510
[2023-04-27T21:55:10.305-0300] {local_task_job.py:212} INFO - Task exited with return code 0
[2023-04-27T21:55:10.331-0300] {taskinstance.py:2596} INFO - 0 downstream tasks scheduled from follow-on schedule check
