[2023-05-07T16:55:36.041-0300] {taskinstance.py:1090} INFO - Dependencies all met for dep_context=non-requeueable deps ti=<TaskInstance: bigdata_tp.TopProduct manual__2023-05-07T19:55:20.793200+00:00 [queued]>
[2023-05-07T16:55:36.051-0300] {taskinstance.py:1090} INFO - Dependencies all met for dep_context=requeueable deps ti=<TaskInstance: bigdata_tp.TopProduct manual__2023-05-07T19:55:20.793200+00:00 [queued]>
[2023-05-07T16:55:36.052-0300] {taskinstance.py:1288} INFO - 
--------------------------------------------------------------------------------
[2023-05-07T16:55:36.052-0300] {taskinstance.py:1289} INFO - Starting attempt 1 of 1
[2023-05-07T16:55:36.052-0300] {taskinstance.py:1290} INFO - 
--------------------------------------------------------------------------------
[2023-05-07T16:55:36.073-0300] {taskinstance.py:1309} INFO - Executing <Task(PythonOperator): TopProduct> on 2023-05-07 19:55:20.793200+00:00
[2023-05-07T16:55:36.106-0300] {standard_task_runner.py:55} INFO - Started process 3488 to run task
[2023-05-07T16:55:36.121-0300] {standard_task_runner.py:82} INFO - Running: ['airflow', 'tasks', 'run', 'bigdata_tp', 'TopProduct', 'manual__2023-05-07T19:55:20.793200+00:00', '--job-id', '95', '--raw', '--subdir', 'DAGS_FOLDER/dag.py', '--cfg-path', '/tmp/tmpkwm13nw0']
[2023-05-07T16:55:36.128-0300] {standard_task_runner.py:83} INFO - Job 95: Subtask TopProduct
[2023-05-07T16:55:36.216-0300] {task_command.py:389} INFO - Running <TaskInstance: bigdata_tp.TopProduct manual__2023-05-07T19:55:20.793200+00:00 [running]> on host DESKTOP-02TA80M.localdomain
[2023-05-07T16:55:36.288-0300] {taskinstance.py:1516} INFO - Exporting the following env vars:
AIRFLOW_CTX_DAG_OWNER=airflow
AIRFLOW_CTX_DAG_ID=bigdata_tp
AIRFLOW_CTX_TASK_ID=TopProduct
AIRFLOW_CTX_EXECUTION_DATE=2023-05-07T19:55:20.793200+00:00
AIRFLOW_CTX_TRY_NUMBER=1
AIRFLOW_CTX_DAG_RUN_ID=manual__2023-05-07T19:55:20.793200+00:00
[2023-05-07T16:55:36.406-0300] {python.py:177} INFO - Done. Returned value was: None
[2023-05-07T16:55:36.412-0300] {taskinstance.py:1327} INFO - Marking task as SUCCESS. dag_id=bigdata_tp, task_id=TopProduct, execution_date=20230507T195520, start_date=20230507T195536, end_date=20230507T195536
[2023-05-07T16:55:36.447-0300] {local_task_job.py:212} INFO - Task exited with return code 0
[2023-05-07T16:55:36.466-0300] {taskinstance.py:2596} INFO - 0 downstream tasks scheduled from follow-on schedule check
