[2023-05-07T16:20:07.511-0300] {taskinstance.py:1090} INFO - Dependencies all met for dep_context=non-requeueable deps ti=<TaskInstance: bigdata_tp.TopCTR manual__2023-05-07T19:19:56.181050+00:00 [queued]>
[2023-05-07T16:20:07.521-0300] {taskinstance.py:1090} INFO - Dependencies all met for dep_context=requeueable deps ti=<TaskInstance: bigdata_tp.TopCTR manual__2023-05-07T19:19:56.181050+00:00 [queued]>
[2023-05-07T16:20:07.522-0300] {taskinstance.py:1288} INFO - 
--------------------------------------------------------------------------------
[2023-05-07T16:20:07.522-0300] {taskinstance.py:1289} INFO - Starting attempt 1 of 1
[2023-05-07T16:20:07.522-0300] {taskinstance.py:1290} INFO - 
--------------------------------------------------------------------------------
[2023-05-07T16:20:07.540-0300] {taskinstance.py:1309} INFO - Executing <Task(PythonOperator): TopCTR> on 2023-05-07 19:19:56.181050+00:00
[2023-05-07T16:20:07.602-0300] {standard_task_runner.py:55} INFO - Started process 2814 to run task
[2023-05-07T16:20:07.613-0300] {standard_task_runner.py:82} INFO - Running: ['airflow', 'tasks', 'run', 'bigdata_tp', 'TopCTR', 'manual__2023-05-07T19:19:56.181050+00:00', '--job-id', '82', '--raw', '--subdir', 'DAGS_FOLDER/dag.py', '--cfg-path', '/tmp/tmpddm28ub6']
[2023-05-07T16:20:07.618-0300] {standard_task_runner.py:83} INFO - Job 82: Subtask TopCTR
[2023-05-07T16:20:07.701-0300] {task_command.py:389} INFO - Running <TaskInstance: bigdata_tp.TopCTR manual__2023-05-07T19:19:56.181050+00:00 [running]> on host DESKTOP-02TA80M.localdomain
[2023-05-07T16:20:07.772-0300] {taskinstance.py:1516} INFO - Exporting the following env vars:
AIRFLOW_CTX_DAG_OWNER=airflow
AIRFLOW_CTX_DAG_ID=bigdata_tp
AIRFLOW_CTX_TASK_ID=TopCTR
AIRFLOW_CTX_EXECUTION_DATE=2023-05-07T19:19:56.181050+00:00
AIRFLOW_CTX_TRY_NUMBER=1
AIRFLOW_CTX_DAG_RUN_ID=manual__2023-05-07T19:19:56.181050+00:00
[2023-05-07T16:20:07.883-0300] {python.py:177} INFO - Done. Returned value was: None
[2023-05-07T16:20:07.890-0300] {taskinstance.py:1327} INFO - Marking task as SUCCESS. dag_id=bigdata_tp, task_id=TopCTR, execution_date=20230507T191956, start_date=20230507T192007, end_date=20230507T192007
[2023-05-07T16:20:07.906-0300] {local_task_job.py:212} INFO - Task exited with return code 0
[2023-05-07T16:20:07.928-0300] {taskinstance.py:2596} INFO - 0 downstream tasks scheduled from follow-on schedule check
