[2023-04-27T22:05:00.205-0300] {taskinstance.py:1090} INFO - Dependencies all met for dep_context=non-requeueable deps ti=<TaskInstance: hello_world_dag.hello_world manual__2023-04-28T01:02:26.673421+00:00 [queued]>
[2023-04-27T22:05:00.217-0300] {taskinstance.py:1090} INFO - Dependencies all met for dep_context=requeueable deps ti=<TaskInstance: hello_world_dag.hello_world manual__2023-04-28T01:02:26.673421+00:00 [queued]>
[2023-04-27T22:05:00.218-0300] {taskinstance.py:1288} INFO - 
--------------------------------------------------------------------------------
[2023-04-27T22:05:00.218-0300] {taskinstance.py:1289} INFO - Starting attempt 1 of 1
[2023-04-27T22:05:00.221-0300] {taskinstance.py:1290} INFO - 
--------------------------------------------------------------------------------
[2023-04-27T22:05:00.249-0300] {taskinstance.py:1309} INFO - Executing <Task(PythonOperator): hello_world> on 2023-04-28 01:02:26.673421+00:00
[2023-04-27T22:05:00.283-0300] {standard_task_runner.py:55} INFO - Started process 131 to run task
[2023-04-27T22:05:00.300-0300] {standard_task_runner.py:82} INFO - Running: ['airflow', 'tasks', 'run', 'hello_world_dag', 'hello_world', 'manual__2023-04-28T01:02:26.673421+00:00', '--job-id', '8', '--raw', '--subdir', 'DAGS_FOLDER/dag_falopa.py', '--cfg-path', '/tmp/tmpu3f1ma8p']
[2023-04-27T22:05:00.306-0300] {standard_task_runner.py:83} INFO - Job 8: Subtask hello_world
[2023-04-27T22:05:00.470-0300] {task_command.py:389} INFO - Running <TaskInstance: hello_world_dag.hello_world manual__2023-04-28T01:02:26.673421+00:00 [running]> on host DESKTOP-02TA80M.localdomain
[2023-04-27T22:05:00.635-0300] {taskinstance.py:1516} INFO - Exporting the following env vars:
AIRFLOW_CTX_DAG_OWNER=airflow
AIRFLOW_CTX_DAG_ID=hello_world_dag
AIRFLOW_CTX_TASK_ID=hello_world
AIRFLOW_CTX_EXECUTION_DATE=2023-04-28T01:02:26.673421+00:00
AIRFLOW_CTX_TRY_NUMBER=1
AIRFLOW_CTX_DAG_RUN_ID=manual__2023-04-28T01:02:26.673421+00:00
[2023-04-27T22:05:00.636-0300] {logging_mixin.py:137} INFO - Hello World
[2023-04-27T22:05:00.637-0300] {python.py:177} INFO - Done. Returned value was: None
[2023-04-27T22:05:00.646-0300] {taskinstance.py:1327} INFO - Marking task as SUCCESS. dag_id=hello_world_dag, task_id=hello_world, execution_date=20230428T010226, start_date=20230428T010500, end_date=20230428T010500
[2023-04-27T22:05:00.712-0300] {local_task_job.py:212} INFO - Task exited with return code 0
[2023-04-27T22:05:00.756-0300] {taskinstance.py:2596} INFO - 0 downstream tasks scheduled from follow-on schedule check
