[2023-05-07T13:56:38.824-0300] {taskinstance.py:1090} INFO - Dependencies all met for dep_context=non-requeueable deps ti=<TaskInstance: hello_world_dag.traning_model_A manual__2023-05-07T16:56:16.390821+00:00 [queued]>
[2023-05-07T13:56:38.838-0300] {taskinstance.py:1090} INFO - Dependencies all met for dep_context=requeueable deps ti=<TaskInstance: hello_world_dag.traning_model_A manual__2023-05-07T16:56:16.390821+00:00 [queued]>
[2023-05-07T13:56:38.838-0300] {taskinstance.py:1288} INFO - 
--------------------------------------------------------------------------------
[2023-05-07T13:56:38.839-0300] {taskinstance.py:1289} INFO - Starting attempt 1 of 1
[2023-05-07T13:56:38.839-0300] {taskinstance.py:1290} INFO - 
--------------------------------------------------------------------------------
[2023-05-07T13:56:38.856-0300] {taskinstance.py:1309} INFO - Executing <Task(PythonOperator): traning_model_A> on 2023-05-07 16:56:16.390821+00:00
[2023-05-07T13:56:38.881-0300] {standard_task_runner.py:55} INFO - Started process 301 to run task
[2023-05-07T13:56:38.891-0300] {standard_task_runner.py:82} INFO - Running: ['airflow', 'tasks', 'run', 'hello_world_dag', 'traning_model_A', 'manual__2023-05-07T16:56:16.390821+00:00', '--job-id', '30', '--raw', '--subdir', 'DAGS_FOLDER/dag_falopa.py', '--cfg-path', '/tmp/tmpnds4ndbz']
[2023-05-07T13:56:38.897-0300] {standard_task_runner.py:83} INFO - Job 30: Subtask traning_model_A
[2023-05-07T13:56:38.989-0300] {task_command.py:389} INFO - Running <TaskInstance: hello_world_dag.traning_model_A manual__2023-05-07T16:56:16.390821+00:00 [running]> on host DESKTOP-02TA80M.localdomain
[2023-05-07T13:56:39.066-0300] {taskinstance.py:1516} INFO - Exporting the following env vars:
AIRFLOW_CTX_DAG_OWNER=airflow
AIRFLOW_CTX_DAG_ID=hello_world_dag
AIRFLOW_CTX_TASK_ID=traning_model_A
AIRFLOW_CTX_EXECUTION_DATE=2023-05-07T16:56:16.390821+00:00
AIRFLOW_CTX_TRY_NUMBER=1
AIRFLOW_CTX_DAG_RUN_ID=manual__2023-05-07T16:56:16.390821+00:00
[2023-05-07T13:56:39.068-0300] {python.py:177} INFO - Done. Returned value was: 5
[2023-05-07T13:56:39.086-0300] {taskinstance.py:1327} INFO - Marking task as SUCCESS. dag_id=hello_world_dag, task_id=traning_model_A, execution_date=20230507T165616, start_date=20230507T165638, end_date=20230507T165639
[2023-05-07T13:56:39.104-0300] {local_task_job.py:212} INFO - Task exited with return code 0
[2023-05-07T13:56:39.136-0300] {taskinstance.py:2596} INFO - 0 downstream tasks scheduled from follow-on schedule check
