[2023-05-07T13:56:58.997-0300] {taskinstance.py:1090} INFO - Dependencies all met for dep_context=non-requeueable deps ti=<TaskInstance: hello_world_dag.choose_best_model manual__2023-05-07T16:56:16.390821+00:00 [queued]>
[2023-05-07T13:56:59.012-0300] {taskinstance.py:1090} INFO - Dependencies all met for dep_context=requeueable deps ti=<TaskInstance: hello_world_dag.choose_best_model manual__2023-05-07T16:56:16.390821+00:00 [queued]>
[2023-05-07T13:56:59.012-0300] {taskinstance.py:1288} INFO - 
--------------------------------------------------------------------------------
[2023-05-07T13:56:59.012-0300] {taskinstance.py:1289} INFO - Starting attempt 1 of 1
[2023-05-07T13:56:59.014-0300] {taskinstance.py:1290} INFO - 
--------------------------------------------------------------------------------
[2023-05-07T13:56:59.034-0300] {taskinstance.py:1309} INFO - Executing <Task(BranchPythonOperator): choose_best_model> on 2023-05-07 16:56:16.390821+00:00
[2023-05-07T13:56:59.057-0300] {standard_task_runner.py:55} INFO - Started process 338 to run task
[2023-05-07T13:56:59.071-0300] {standard_task_runner.py:82} INFO - Running: ['airflow', 'tasks', 'run', 'hello_world_dag', 'choose_best_model', 'manual__2023-05-07T16:56:16.390821+00:00', '--job-id', '34', '--raw', '--subdir', 'DAGS_FOLDER/dag_falopa.py', '--cfg-path', '/tmp/tmp8n_ewkq_']
[2023-05-07T13:56:59.077-0300] {standard_task_runner.py:83} INFO - Job 34: Subtask choose_best_model
[2023-05-07T13:56:59.174-0300] {task_command.py:389} INFO - Running <TaskInstance: hello_world_dag.choose_best_model manual__2023-05-07T16:56:16.390821+00:00 [running]> on host DESKTOP-02TA80M.localdomain
[2023-05-07T13:56:59.257-0300] {taskinstance.py:1516} INFO - Exporting the following env vars:
AIRFLOW_CTX_DAG_OWNER=airflow
AIRFLOW_CTX_DAG_ID=hello_world_dag
AIRFLOW_CTX_TASK_ID=choose_best_model
AIRFLOW_CTX_EXECUTION_DATE=2023-05-07T16:56:16.390821+00:00
AIRFLOW_CTX_TRY_NUMBER=1
AIRFLOW_CTX_DAG_RUN_ID=manual__2023-05-07T16:56:16.390821+00:00
[2023-05-07T13:56:59.265-0300] {python.py:177} INFO - Done. Returned value was: inaccurate
[2023-05-07T13:56:59.265-0300] {python.py:211} INFO - Branch callable return inaccurate
[2023-05-07T13:56:59.266-0300] {skipmixin.py:155} INFO - Following branch inaccurate
[2023-05-07T13:56:59.266-0300] {skipmixin.py:211} INFO - Skipping tasks ['accurate']
[2023-05-07T13:56:59.321-0300] {taskinstance.py:1327} INFO - Marking task as SUCCESS. dag_id=hello_world_dag, task_id=choose_best_model, execution_date=20230507T165616, start_date=20230507T165658, end_date=20230507T165659
[2023-05-07T13:56:59.361-0300] {local_task_job.py:212} INFO - Task exited with return code 0
[2023-05-07T13:56:59.406-0300] {taskinstance.py:2596} INFO - 1 downstream tasks scheduled from follow-on schedule check
