[2023-05-07T16:28:19.762-0300] {taskinstance.py:1090} INFO - Dependencies all met for dep_context=non-requeueable deps ti=<TaskInstance: bigdata_tp.FiltrarDatos manual__2023-05-07T19:28:14.652797+00:00 [queued]>
[2023-05-07T16:28:19.772-0300] {taskinstance.py:1090} INFO - Dependencies all met for dep_context=requeueable deps ti=<TaskInstance: bigdata_tp.FiltrarDatos manual__2023-05-07T19:28:14.652797+00:00 [queued]>
[2023-05-07T16:28:19.772-0300] {taskinstance.py:1288} INFO - 
--------------------------------------------------------------------------------
[2023-05-07T16:28:19.772-0300] {taskinstance.py:1289} INFO - Starting attempt 1 of 1
[2023-05-07T16:28:19.773-0300] {taskinstance.py:1290} INFO - 
--------------------------------------------------------------------------------
[2023-05-07T16:28:19.792-0300] {taskinstance.py:1309} INFO - Executing <Task(PythonOperator): FiltrarDatos> on 2023-05-07 19:28:14.652797+00:00
[2023-05-07T16:28:19.816-0300] {standard_task_runner.py:55} INFO - Started process 3109 to run task
[2023-05-07T16:28:19.827-0300] {standard_task_runner.py:82} INFO - Running: ['airflow', 'tasks', 'run', 'bigdata_tp', 'FiltrarDatos', 'manual__2023-05-07T19:28:14.652797+00:00', '--job-id', '89', '--raw', '--subdir', 'DAGS_FOLDER/dag.py', '--cfg-path', '/tmp/tmpkej18w6e']
[2023-05-07T16:28:19.832-0300] {standard_task_runner.py:83} INFO - Job 89: Subtask FiltrarDatos
[2023-05-07T16:28:19.944-0300] {task_command.py:389} INFO - Running <TaskInstance: bigdata_tp.FiltrarDatos manual__2023-05-07T19:28:14.652797+00:00 [running]> on host DESKTOP-02TA80M.localdomain
[2023-05-07T16:28:20.055-0300] {taskinstance.py:1516} INFO - Exporting the following env vars:
AIRFLOW_CTX_DAG_OWNER=airflow
AIRFLOW_CTX_DAG_ID=bigdata_tp
AIRFLOW_CTX_TASK_ID=FiltrarDatos
AIRFLOW_CTX_EXECUTION_DATE=2023-05-07T19:28:14.652797+00:00
AIRFLOW_CTX_TRY_NUMBER=1
AIRFLOW_CTX_DAG_RUN_ID=manual__2023-05-07T19:28:14.652797+00:00
[2023-05-07T16:28:20.056-0300] {dag.py:21} INFO - Levantando ids activos...
[2023-05-07T16:28:20.268-0300] {dag.py:34} INFO - Devolviendo DFs....
[2023-05-07T16:28:20.525-0300] {python.py:177} INFO - Done. Returned value was: None
[2023-05-07T16:28:20.532-0300] {taskinstance.py:1327} INFO - Marking task as SUCCESS. dag_id=bigdata_tp, task_id=FiltrarDatos, execution_date=20230507T192814, start_date=20230507T192819, end_date=20230507T192820
[2023-05-07T16:28:20.563-0300] {local_task_job.py:212} INFO - Task exited with return code 0
[2023-05-07T16:28:20.590-0300] {taskinstance.py:2596} INFO - 1 downstream tasks scheduled from follow-on schedule check
