[2023-05-07T16:17:53.270-0300] {taskinstance.py:1090} INFO - Dependencies all met for dep_context=non-requeueable deps ti=<TaskInstance: bigdata_tp.TopCTR manual__2023-05-07T19:17:21.375150+00:00 [queued]>
[2023-05-07T16:17:53.282-0300] {taskinstance.py:1090} INFO - Dependencies all met for dep_context=requeueable deps ti=<TaskInstance: bigdata_tp.TopCTR manual__2023-05-07T19:17:21.375150+00:00 [queued]>
[2023-05-07T16:17:53.282-0300] {taskinstance.py:1288} INFO - 
--------------------------------------------------------------------------------
[2023-05-07T16:17:53.282-0300] {taskinstance.py:1289} INFO - Starting attempt 1 of 1
[2023-05-07T16:17:53.285-0300] {taskinstance.py:1290} INFO - 
--------------------------------------------------------------------------------
[2023-05-07T16:17:53.305-0300] {taskinstance.py:1309} INFO - Executing <Task(PythonOperator): TopCTR> on 2023-05-07 19:17:21.375150+00:00
[2023-05-07T16:17:53.332-0300] {standard_task_runner.py:55} INFO - Started process 2540 to run task
[2023-05-07T16:17:53.343-0300] {standard_task_runner.py:82} INFO - Running: ['airflow', 'tasks', 'run', 'bigdata_tp', 'TopCTR', 'manual__2023-05-07T19:17:21.375150+00:00', '--job-id', '78', '--raw', '--subdir', 'DAGS_FOLDER/dag.py', '--cfg-path', '/tmp/tmp7bx2fxat']
[2023-05-07T16:17:53.348-0300] {standard_task_runner.py:83} INFO - Job 78: Subtask TopCTR
[2023-05-07T16:17:53.445-0300] {task_command.py:389} INFO - Running <TaskInstance: bigdata_tp.TopCTR manual__2023-05-07T19:17:21.375150+00:00 [running]> on host DESKTOP-02TA80M.localdomain
[2023-05-07T16:17:53.511-0300] {taskinstance.py:1516} INFO - Exporting the following env vars:
AIRFLOW_CTX_DAG_OWNER=airflow
AIRFLOW_CTX_DAG_ID=bigdata_tp
AIRFLOW_CTX_TASK_ID=TopCTR
AIRFLOW_CTX_EXECUTION_DATE=2023-05-07T19:17:21.375150+00:00
AIRFLOW_CTX_TRY_NUMBER=1
AIRFLOW_CTX_DAG_RUN_ID=manual__2023-05-07T19:17:21.375150+00:00
[2023-05-07T16:17:53.635-0300] {python.py:177} INFO - Done. Returned value was: None
[2023-05-07T16:17:53.648-0300] {taskinstance.py:1327} INFO - Marking task as SUCCESS. dag_id=bigdata_tp, task_id=TopCTR, execution_date=20230507T191721, start_date=20230507T191753, end_date=20230507T191753
[2023-05-07T16:17:53.674-0300] {local_task_job.py:212} INFO - Task exited with return code 0
[2023-05-07T16:17:53.705-0300] {taskinstance.py:2596} INFO - 0 downstream tasks scheduled from follow-on schedule check
