[2023-05-07T14:08:26.186-0300] {taskinstance.py:1090} INFO - Dependencies all met for dep_context=non-requeueable deps ti=<TaskInstance: hello_world_dag.traning_model_B manual__2023-05-07T17:07:36.961796+00:00 [queued]>
[2023-05-07T14:08:26.195-0300] {taskinstance.py:1090} INFO - Dependencies all met for dep_context=requeueable deps ti=<TaskInstance: hello_world_dag.traning_model_B manual__2023-05-07T17:07:36.961796+00:00 [queued]>
[2023-05-07T14:08:26.195-0300] {taskinstance.py:1288} INFO - 
--------------------------------------------------------------------------------
[2023-05-07T14:08:26.196-0300] {taskinstance.py:1289} INFO - Starting attempt 1 of 1
[2023-05-07T14:08:26.196-0300] {taskinstance.py:1290} INFO - 
--------------------------------------------------------------------------------
[2023-05-07T14:08:26.212-0300] {taskinstance.py:1309} INFO - Executing <Task(PythonOperator): traning_model_B> on 2023-05-07 17:07:36.961796+00:00
[2023-05-07T14:08:26.232-0300] {standard_task_runner.py:55} INFO - Started process 435 to run task
[2023-05-07T14:08:26.244-0300] {standard_task_runner.py:82} INFO - Running: ['airflow', 'tasks', 'run', 'hello_world_dag', 'traning_model_B', 'manual__2023-05-07T17:07:36.961796+00:00', '--job-id', '42', '--raw', '--subdir', 'DAGS_FOLDER/dag_falopa.py', '--cfg-path', '/tmp/tmprd0uibi5']
[2023-05-07T14:08:26.248-0300] {standard_task_runner.py:83} INFO - Job 42: Subtask traning_model_B
[2023-05-07T14:08:26.325-0300] {task_command.py:389} INFO - Running <TaskInstance: hello_world_dag.traning_model_B manual__2023-05-07T17:07:36.961796+00:00 [running]> on host DESKTOP-02TA80M.localdomain
[2023-05-07T14:08:26.397-0300] {taskinstance.py:1516} INFO - Exporting the following env vars:
AIRFLOW_CTX_DAG_OWNER=airflow
AIRFLOW_CTX_DAG_ID=hello_world_dag
AIRFLOW_CTX_TASK_ID=traning_model_B
AIRFLOW_CTX_EXECUTION_DATE=2023-05-07T17:07:36.961796+00:00
AIRFLOW_CTX_TRY_NUMBER=1
AIRFLOW_CTX_DAG_RUN_ID=manual__2023-05-07T17:07:36.961796+00:00
[2023-05-07T14:08:26.398-0300] {python.py:177} INFO - Done. Returned value was: 7
[2023-05-07T14:08:26.415-0300] {taskinstance.py:1327} INFO - Marking task as SUCCESS. dag_id=hello_world_dag, task_id=traning_model_B, execution_date=20230507T170736, start_date=20230507T170826, end_date=20230507T170826
[2023-05-07T14:08:26.454-0300] {local_task_job.py:212} INFO - Task exited with return code 0
[2023-05-07T14:08:26.481-0300] {taskinstance.py:2596} INFO - 0 downstream tasks scheduled from follow-on schedule check
