[2023-05-07T16:17:26.852-0300] {taskinstance.py:1090} INFO - Dependencies all met for dep_context=non-requeueable deps ti=<TaskInstance: bigdata_tp.FiltrarDatos manual__2023-05-07T19:15:35.918139+00:00 [queued]>
[2023-05-07T16:17:26.861-0300] {taskinstance.py:1090} INFO - Dependencies all met for dep_context=requeueable deps ti=<TaskInstance: bigdata_tp.FiltrarDatos manual__2023-05-07T19:15:35.918139+00:00 [queued]>
[2023-05-07T16:17:26.861-0300] {taskinstance.py:1288} INFO - 
--------------------------------------------------------------------------------
[2023-05-07T16:17:26.861-0300] {taskinstance.py:1289} INFO - Starting attempt 1 of 1
[2023-05-07T16:17:26.862-0300] {taskinstance.py:1290} INFO - 
--------------------------------------------------------------------------------
[2023-05-07T16:17:26.881-0300] {taskinstance.py:1309} INFO - Executing <Task(PythonOperator): FiltrarDatos> on 2023-05-07 19:15:35.918139+00:00
[2023-05-07T16:17:26.905-0300] {standard_task_runner.py:55} INFO - Started process 2487 to run task
[2023-05-07T16:17:26.917-0300] {standard_task_runner.py:82} INFO - Running: ['airflow', 'tasks', 'run', 'bigdata_tp', 'FiltrarDatos', 'manual__2023-05-07T19:15:35.918139+00:00', '--job-id', '73', '--raw', '--subdir', 'DAGS_FOLDER/dag.py', '--cfg-path', '/tmp/tmpu2fbxahz']
[2023-05-07T16:17:26.921-0300] {standard_task_runner.py:83} INFO - Job 73: Subtask FiltrarDatos
[2023-05-07T16:17:27.024-0300] {task_command.py:389} INFO - Running <TaskInstance: bigdata_tp.FiltrarDatos manual__2023-05-07T19:15:35.918139+00:00 [running]> on host DESKTOP-02TA80M.localdomain
[2023-05-07T16:17:27.110-0300] {taskinstance.py:1516} INFO - Exporting the following env vars:
AIRFLOW_CTX_DAG_OWNER=airflow
AIRFLOW_CTX_DAG_ID=bigdata_tp
AIRFLOW_CTX_TASK_ID=FiltrarDatos
AIRFLOW_CTX_EXECUTION_DATE=2023-05-07T19:15:35.918139+00:00
AIRFLOW_CTX_TRY_NUMBER=1
AIRFLOW_CTX_DAG_RUN_ID=manual__2023-05-07T19:15:35.918139+00:00
[2023-05-07T16:17:27.112-0300] {dag.py:21} INFO - Levantando ids activos...
[2023-05-07T16:17:27.327-0300] {dag.py:34} INFO - Devolviendo DFs....
[2023-05-07T16:17:27.588-0300] {python.py:177} INFO - Done. Returned value was: None
[2023-05-07T16:17:27.594-0300] {taskinstance.py:1327} INFO - Marking task as SUCCESS. dag_id=bigdata_tp, task_id=FiltrarDatos, execution_date=20230507T191535, start_date=20230507T191726, end_date=20230507T191727
[2023-05-07T16:17:27.614-0300] {local_task_job.py:212} INFO - Task exited with return code 0
[2023-05-07T16:17:27.643-0300] {taskinstance.py:2596} INFO - 1 downstream tasks scheduled from follow-on schedule check
