[2023-05-07T14:08:30.507-0300] {taskinstance.py:1090} INFO - Dependencies all met for dep_context=non-requeueable deps ti=<TaskInstance: hello_world_dag.traning_model_C manual__2023-05-07T17:07:36.961796+00:00 [queued]>
[2023-05-07T14:08:30.516-0300] {taskinstance.py:1090} INFO - Dependencies all met for dep_context=requeueable deps ti=<TaskInstance: hello_world_dag.traning_model_C manual__2023-05-07T17:07:36.961796+00:00 [queued]>
[2023-05-07T14:08:30.516-0300] {taskinstance.py:1288} INFO - 
--------------------------------------------------------------------------------
[2023-05-07T14:08:30.516-0300] {taskinstance.py:1289} INFO - Starting attempt 1 of 1
[2023-05-07T14:08:30.517-0300] {taskinstance.py:1290} INFO - 
--------------------------------------------------------------------------------
[2023-05-07T14:08:30.534-0300] {taskinstance.py:1309} INFO - Executing <Task(PythonOperator): traning_model_C> on 2023-05-07 17:07:36.961796+00:00
[2023-05-07T14:08:30.554-0300] {standard_task_runner.py:55} INFO - Started process 445 to run task
[2023-05-07T14:08:30.564-0300] {standard_task_runner.py:82} INFO - Running: ['airflow', 'tasks', 'run', 'hello_world_dag', 'traning_model_C', 'manual__2023-05-07T17:07:36.961796+00:00', '--job-id', '43', '--raw', '--subdir', 'DAGS_FOLDER/dag_falopa.py', '--cfg-path', '/tmp/tmppihzwvuz']
[2023-05-07T14:08:30.569-0300] {standard_task_runner.py:83} INFO - Job 43: Subtask traning_model_C
[2023-05-07T14:08:30.650-0300] {task_command.py:389} INFO - Running <TaskInstance: hello_world_dag.traning_model_C manual__2023-05-07T17:07:36.961796+00:00 [running]> on host DESKTOP-02TA80M.localdomain
[2023-05-07T14:08:30.727-0300] {taskinstance.py:1516} INFO - Exporting the following env vars:
AIRFLOW_CTX_DAG_OWNER=airflow
AIRFLOW_CTX_DAG_ID=hello_world_dag
AIRFLOW_CTX_TASK_ID=traning_model_C
AIRFLOW_CTX_EXECUTION_DATE=2023-05-07T17:07:36.961796+00:00
AIRFLOW_CTX_TRY_NUMBER=1
AIRFLOW_CTX_DAG_RUN_ID=manual__2023-05-07T17:07:36.961796+00:00
[2023-05-07T14:08:30.728-0300] {python.py:177} INFO - Done. Returned value was: 10
[2023-05-07T14:08:30.748-0300] {taskinstance.py:1327} INFO - Marking task as SUCCESS. dag_id=hello_world_dag, task_id=traning_model_C, execution_date=20230507T170736, start_date=20230507T170830, end_date=20230507T170830
[2023-05-07T14:08:30.775-0300] {local_task_job.py:212} INFO - Task exited with return code 0
[2023-05-07T14:08:30.808-0300] {taskinstance.py:2596} INFO - 1 downstream tasks scheduled from follow-on schedule check
