[2023-05-07T14:20:23.232-0300] {taskinstance.py:1090} INFO - Dependencies all met for dep_context=non-requeueable deps ti=<TaskInstance: bigdata_tp.FiltrarDatos manual__2023-05-07T17:20:18.728740+00:00 [queued]>
[2023-05-07T14:20:23.242-0300] {taskinstance.py:1090} INFO - Dependencies all met for dep_context=requeueable deps ti=<TaskInstance: bigdata_tp.FiltrarDatos manual__2023-05-07T17:20:18.728740+00:00 [queued]>
[2023-05-07T14:20:23.242-0300] {taskinstance.py:1288} INFO - 
--------------------------------------------------------------------------------
[2023-05-07T14:20:23.242-0300] {taskinstance.py:1289} INFO - Starting attempt 1 of 1
[2023-05-07T14:20:23.243-0300] {taskinstance.py:1290} INFO - 
--------------------------------------------------------------------------------
[2023-05-07T14:20:23.259-0300] {taskinstance.py:1309} INFO - Executing <Task(PythonOperator): FiltrarDatos> on 2023-05-07 17:20:18.728740+00:00
[2023-05-07T14:20:23.314-0300] {standard_task_runner.py:55} INFO - Started process 618 to run task
[2023-05-07T14:20:23.324-0300] {standard_task_runner.py:82} INFO - Running: ['airflow', 'tasks', 'run', 'bigdata_tp', 'FiltrarDatos', 'manual__2023-05-07T17:20:18.728740+00:00', '--job-id', '51', '--raw', '--subdir', 'DAGS_FOLDER/dag.py', '--cfg-path', '/tmp/tmpv7ovwzvi']
[2023-05-07T14:20:23.329-0300] {standard_task_runner.py:83} INFO - Job 51: Subtask FiltrarDatos
[2023-05-07T14:20:23.405-0300] {task_command.py:389} INFO - Running <TaskInstance: bigdata_tp.FiltrarDatos manual__2023-05-07T17:20:18.728740+00:00 [running]> on host DESKTOP-02TA80M.localdomain
[2023-05-07T14:20:23.472-0300] {taskinstance.py:1516} INFO - Exporting the following env vars:
AIRFLOW_CTX_DAG_OWNER=airflow
AIRFLOW_CTX_DAG_ID=bigdata_tp
AIRFLOW_CTX_TASK_ID=FiltrarDatos
AIRFLOW_CTX_EXECUTION_DATE=2023-05-07T17:20:18.728740+00:00
AIRFLOW_CTX_TRY_NUMBER=1
AIRFLOW_CTX_DAG_RUN_ID=manual__2023-05-07T17:20:18.728740+00:00
[2023-05-07T14:20:23.474-0300] {dag.py:21} INFO - Levantando ids activos...
[2023-05-07T14:20:23.504-0300] {taskinstance.py:1776} ERROR - Task failed with exception
Traceback (most recent call last):
  File "/home/alanmatys/airflow_env/lib/python3.10/site-packages/airflow/operators/python.py", line 175, in execute
    return_value = self.execute_callable()
  File "/home/alanmatys/airflow_env/lib/python3.10/site-packages/airflow/operators/python.py", line 192, in execute_callable
    return self.python_callable(*self.op_args, **self.op_kwargs)
  File "/home/alanmatys/airflow/dags/dag.py", line 25, in FiltrarDatos
    ads_views = pd.read_csv('/data/raw/ads_views.csv',low_memory=False).isin(ads_ids['advertiser_id'])
  File "/home/alanmatys/airflow_env/lib/python3.10/site-packages/pandas/io/parsers/readers.py", line 912, in read_csv
    return _read(filepath_or_buffer, kwds)
  File "/home/alanmatys/airflow_env/lib/python3.10/site-packages/pandas/io/parsers/readers.py", line 577, in _read
    parser = TextFileReader(filepath_or_buffer, **kwds)
  File "/home/alanmatys/airflow_env/lib/python3.10/site-packages/pandas/io/parsers/readers.py", line 1407, in __init__
    self._engine = self._make_engine(f, self.engine)
  File "/home/alanmatys/airflow_env/lib/python3.10/site-packages/pandas/io/parsers/readers.py", line 1661, in _make_engine
    self.handles = get_handle(
  File "/home/alanmatys/airflow_env/lib/python3.10/site-packages/pandas/io/common.py", line 859, in get_handle
    handle = open(
FileNotFoundError: [Errno 2] No such file or directory: '/data/raw/ads_views.csv'
[2023-05-07T14:20:23.513-0300] {taskinstance.py:1327} INFO - Marking task as FAILED. dag_id=bigdata_tp, task_id=FiltrarDatos, execution_date=20230507T172018, start_date=20230507T172023, end_date=20230507T172023
[2023-05-07T14:20:23.527-0300] {standard_task_runner.py:100} ERROR - Failed to execute job 51 for task FiltrarDatos ([Errno 2] No such file or directory: '/data/raw/ads_views.csv'; 618)
[2023-05-07T14:20:23.534-0300] {local_task_job.py:212} INFO - Task exited with return code 1
[2023-05-07T14:20:23.553-0300] {taskinstance.py:2596} INFO - 0 downstream tasks scheduled from follow-on schedule check
