[2023-05-07T13:56:54.803-0300] {taskinstance.py:1090} INFO - Dependencies all met for dep_context=non-requeueable deps ti=<TaskInstance: hello_world_dag.choose_best_model scheduled__2023-05-07T15:00:00+00:00 [queued]>
[2023-05-07T13:56:54.812-0300] {taskinstance.py:1090} INFO - Dependencies all met for dep_context=requeueable deps ti=<TaskInstance: hello_world_dag.choose_best_model scheduled__2023-05-07T15:00:00+00:00 [queued]>
[2023-05-07T13:56:54.812-0300] {taskinstance.py:1288} INFO - 
--------------------------------------------------------------------------------
[2023-05-07T13:56:54.812-0300] {taskinstance.py:1289} INFO - Starting attempt 1 of 1
[2023-05-07T13:56:54.813-0300] {taskinstance.py:1290} INFO - 
--------------------------------------------------------------------------------
[2023-05-07T13:56:54.828-0300] {taskinstance.py:1309} INFO - Executing <Task(BranchPythonOperator): choose_best_model> on 2023-05-07 15:00:00+00:00
[2023-05-07T13:56:54.847-0300] {standard_task_runner.py:55} INFO - Started process 329 to run task
[2023-05-07T13:56:54.857-0300] {standard_task_runner.py:82} INFO - Running: ['airflow', 'tasks', 'run', 'hello_world_dag', 'choose_best_model', 'scheduled__2023-05-07T15:00:00+00:00', '--job-id', '33', '--raw', '--subdir', 'DAGS_FOLDER/dag_falopa.py', '--cfg-path', '/tmp/tmpkuldclz7']
[2023-05-07T13:56:54.862-0300] {standard_task_runner.py:83} INFO - Job 33: Subtask choose_best_model
[2023-05-07T13:56:54.939-0300] {task_command.py:389} INFO - Running <TaskInstance: hello_world_dag.choose_best_model scheduled__2023-05-07T15:00:00+00:00 [running]> on host DESKTOP-02TA80M.localdomain
[2023-05-07T13:56:55.008-0300] {taskinstance.py:1516} INFO - Exporting the following env vars:
AIRFLOW_CTX_DAG_OWNER=airflow
AIRFLOW_CTX_DAG_ID=hello_world_dag
AIRFLOW_CTX_TASK_ID=choose_best_model
AIRFLOW_CTX_EXECUTION_DATE=2023-05-07T15:00:00+00:00
AIRFLOW_CTX_TRY_NUMBER=1
AIRFLOW_CTX_DAG_RUN_ID=scheduled__2023-05-07T15:00:00+00:00
[2023-05-07T13:56:55.016-0300] {python.py:177} INFO - Done. Returned value was: accurate
[2023-05-07T13:56:55.016-0300] {python.py:211} INFO - Branch callable return accurate
[2023-05-07T13:56:55.016-0300] {skipmixin.py:155} INFO - Following branch accurate
[2023-05-07T13:56:55.017-0300] {skipmixin.py:211} INFO - Skipping tasks ['inaccurate']
[2023-05-07T13:56:55.059-0300] {taskinstance.py:1327} INFO - Marking task as SUCCESS. dag_id=hello_world_dag, task_id=choose_best_model, execution_date=20230507T150000, start_date=20230507T165654, end_date=20230507T165655
[2023-05-07T13:56:55.109-0300] {local_task_job.py:212} INFO - Task exited with return code 0
[2023-05-07T13:56:55.146-0300] {taskinstance.py:2596} INFO - 1 downstream tasks scheduled from follow-on schedule check
